<?xml version="1.0" encoding="UTF-8"?>
<Site BuildName="(empty)"
	BuildStamp="20250512-1630-Experimental"
	Name="(empty)"
	Generator="ctest-3.28.3"
	CompilerName=""
	CompilerVersion=""
	OSName="Linux"
	Hostname="jro-M51AC"
	OSRelease="6.11.0-25-generic"
	OSVersion="#25~24.04.1-Ubuntu SMP PREEMPT_DYNAMIC Tue Apr 15 17:20:50 UTC 2"
	OSPlatform="x86_64"
	Is64Bits="1"
	VendorString="GenuineIntel"
	VendorID="Intel Corporation"
	FamilyID="6"
	ModelID="60"
	ProcessorCacheSize="8192"
	NumberOfLogicalCPU="8"
	NumberOfPhysicalCPU="4"
	TotalVirtualMemory="4095"
	TotalPhysicalMemory="15834"
	LogicalProcessorsPerPhysical="2"
	ProcessorClockFrequency="3492.26"
	>
	<Testing>
		<StartDateTime>May 12 18:30 CEST</StartDateTime>
		<StartTestTime>1747067405</StartTestTime>
		<TestList/>
		<EndDateTime>May 12 18:30 CEST</EndDateTime>
		<EndTestTime>1747067405</EndTestTime>
		<ElapsedMinutes>0</ElapsedMinutes>
	</Testing>
</Site>
