<?xml version="1.0" encoding="UTF-8"?>
<Site BuildName="(empty)"
	BuildStamp="20250701-0749-Experimental"
	Name="(empty)"
	Generator="ctest-3.28.3"
	CompilerName=""
	CompilerVersion=""
	OSName="Linux"
	Hostname="jro-M51AC"
	OSRelease="6.11.0-28-generic"
	OSVersion="#28~24.04.1-Ubuntu SMP PREEMPT_DYNAMIC Fri May 23 10:31:01 UTC 2"
	OSPlatform="x86_64"
	Is64Bits="1"
	VendorString="GenuineIntel"
	VendorID="Intel Corporation"
	FamilyID="6"
	ModelID="60"
	ProcessorCacheSize="8192"
	NumberOfLogicalCPU="8"
	NumberOfPhysicalCPU="4"
	TotalVirtualMemory="4095"
	TotalPhysicalMemory="15834"
	LogicalProcessorsPerPhysical="2"
	ProcessorClockFrequency="3129.26"
	>
	<Testing>
		<StartDateTime>Jul 01 09:49 CEST</StartDateTime>
		<StartTestTime>1751356194</StartTestTime>
		<TestList/>
		<EndDateTime>Jul 01 09:49 CEST</EndDateTime>
		<EndTestTime>1751356194</EndTestTime>
		<ElapsedMinutes>0</ElapsedMinutes>
	</Testing>
</Site>
