<?xml version="1.0" encoding="UTF-8"?>
<Site BuildName="(empty)"
	BuildStamp="20250812-1542-Experimental"
	Name="(empty)"
	Generator="ctest-3.28.3"
	CompilerName=""
	CompilerVersion=""
	OSName="Linux"
	Hostname="jro-M51AC"
	OSRelease="6.14.0-27-generic"
	OSVersion="#27~24.04.1-Ubuntu SMP PREEMPT_DYNAMIC Tue Jul 22 17:38:49 UTC 2"
	OSPlatform="x86_64"
	Is64Bits="1"
	VendorString="GenuineIntel"
	VendorID="Intel Corporation"
	FamilyID="6"
	ModelID="60"
	ProcessorCacheSize="8192"
	NumberOfLogicalCPU="8"
	NumberOfPhysicalCPU="4"
	TotalVirtualMemory="4095"
	TotalPhysicalMemory="15835"
	LogicalProcessorsPerPhysical="2"
	ProcessorClockFrequency="3252.39"
	>
	<Testing>
		<StartDateTime>Aug 12 17:42 CEST</StartDateTime>
		<StartTestTime>1755013377</StartTestTime>
		<TestList/>
		<EndDateTime>Aug 12 17:42 CEST</EndDateTime>
		<EndTestTime>1755013377</EndTestTime>
		<ElapsedMinutes>0</ElapsedMinutes>
	</Testing>
</Site>
